Test This is a test of the logClass Hi,2017-10-20 09:01:15,Default
Another test ye,2017-10-20 20:43:39,Default
Another test ye,2017-10-20 21:31:00,Default
Another test ye,2017-10-20 21:31:00,Default
Another test ye,2017-10-20 21:31:36,Default
Another test ye,2017-10-20 21:52:35,Default
Another test ye,2017-10-21 08:56:17,Default
Data decrypted,2017-12-08 13:56:08,Default
Data decrypted,2017-12-08 13:56:14,Default
Unlock peaPod vault Wix,2017-12-08 13:56:15,Default
Data decrypted,2017-12-08 13:56:10,Default
Data decrypted,2017-12-08 14:29:37,Default
Unlock peaPod vault Argos,2017-12-08 14:29:40,Default
Unlock peaPod vault King Edwards,2017-12-08 15:14:00,Default
Data decrypted,2017-12-08 15:14:15,Default
Data decrypted,2017-12-08 15:14:17,Default
Unlock peaPod vault King Edwards,2017-12-08 15:14:18,Default
Save complete exported to /Users/angus/Documents/Github/PyPassword-3/PyData/Bob.mp,2017-12-08 17:36:30,Default
Save complete exported to /Users/angus/Documents/Github/PyPassword-3/PyData/Modern.mp,2017-12-08 17:36:50,Default
Save complete exported to /Users/angus/Documents/Github/PyPassword-3/PyData/Simon.mp,2017-12-08 17:36:38,Default
Save complete exported to /Users/angus/Documents/Github/PyPassword-3/PyData/Sam.mp,2017-12-08 17:36:43,Default
Save complete exported to /Users/angus/Documents/Github/PyPassword-3/PyData/Toby.mp,2017-12-08 17:36:45,Default
Data decrypted,2017-12-08 17:47:51,Default
