Command executing success Finding master pods,2017-12-07 10:37:28,Default
Command executing success Finding master pods,2017-12-07 10:40:21,Default
Command executing success MainButton,2017-12-07 10:40:30,Default
Command executing success MainButton,2017-12-07 10:40:36,Default
Command executing success MainButton,2017-12-07 10:40:34,Default
Command executing success Screen Class,2017-12-07 10:40:23,Default
Loading template <PyUi.podTemplate object at 0x101e8dc18>,2017-12-07 10:40:27,Default
Command executing success Screen Class,2017-12-07 10:40:26,Default
Command executing success Finding master pods,2017-12-07 10:42:40,Default
Command executing success MainButton,2017-12-07 11:38:39,Default
Command executing success Screen Class,2017-12-07 11:38:40,Default
Command executing success MainButton,2017-12-07 11:39:27,Default
Command executing success Finding master pods,2017-12-07 11:38:33,Default
Command executing success MainButton,2017-12-07 11:39:32,Default
Loading template <PyUi.podTemplate object at 0x10c5d37b8>,2017-12-07 11:39:28,Default
Command executing success Screen Class,2017-12-07 11:38:42,Default
Loading template <PyUi.podTemplate object at 0x10c5d37b8>,2017-12-07 11:39:16,Default
Command executing success Screen Class,2017-12-07 11:39:49,Default
Command executing success Screen Class,2017-12-07 11:39:51,Default
Loading template <PyUi.podTemplate object at 0x10c5d35f8>,2017-12-07 11:40:47,Default
Command executing success Finding master pods,2017-12-07 11:39:41,Default
Command executing success MainButton,2017-12-07 11:39:48,Default
Command executing success Finding master pods,2017-12-07 13:15:40,Default
Command executing success Screen Class,2017-12-07 13:15:52,Default
Loading template <PyUi.podTemplate object at 0x10448dbe0>,2017-12-07 13:15:53,Default
Command executing success MainButton,2017-12-07 13:15:41,Default
Command executing success Screen Class,2017-12-07 13:15:42,Default
Command executing success Finding master pods,2017-12-07 22:22:37,Default
Command executing success Screen Class,2017-12-07 22:22:41,Default
Command executing success MainButton,2017-12-07 22:24:09,Default
Command executing success Screen Class,2017-12-07 22:22:39,Default
Command executing success Screen Class,2017-12-07 22:24:06,Default
Loading template <PyUi.podTemplate object at 0x10448dbe0>,2017-12-07 22:22:42,Default
Command executing success Screen Class,2017-12-08 13:56:14,Default
Command executing success Finding master pods,2017-12-08 13:56:01,Default
Loading template <PyUi.podTemplate object at 0x10c5d46a0>,2017-12-08 13:56:15,Default
Command executing success MainButton,2017-12-08 13:56:05,Default
Command executing success Screen Class,2017-12-08 13:56:06,Default
Command executing success Finding master pods,2017-12-08 14:29:29,Default
Command executing success MainButton,2017-12-08 14:29:34,Default
Command executing success Screen Class,2017-12-08 14:29:33,Default
Loading template <PyUi.podTemplate object at 0x10448de10>,2017-12-08 14:29:40,Default
Loading template <PyUi.podTemplate object at 0x10448de10>,2017-12-08 15:14:00,Default
Command executing success MainButton,2017-12-08 14:29:31,Default
Command executing success Screen Class,2017-12-08 15:13:57,Default
Command executing success Screen Class,2017-12-08 14:29:37,Default
Command executing success MainButton,2017-12-08 14:29:43,Default
Command executing success Screen Class,2017-12-08 15:14:13,Default
Loading template <PyUi.podTemplate object at 0x101f8de10>,2017-12-08 15:14:18,Default
Command executing success Finding master pods,2017-12-08 15:14:04,Default
Command executing success Screen Class,2017-12-08 15:14:17,Default
Command executing success MainButton,2017-12-08 15:14:12,Default
Command executing success MainButton,2017-12-08 15:14:10,Default
Command executing success MainButton,2017-12-08 15:14:22,Default
Command executing success Finding master pods,2017-12-08 17:36:50,Default
Command executing success Screen Class,2017-12-08 17:47:51,Default
Command executing success Screen Class,2017-12-08 17:47:48,Default
Loading template <PyUi.podTemplate object at 0x10c5e31d0>,2017-12-08 17:47:52,Default
Command executing success MainButton,2017-12-08 17:47:47,Default
Command executing success Finding master pods,2017-12-08 17:47:44,Default
Command executing success MainButton,2017-12-09 15:00:41,Default
Command executing success MainButton,2017-12-09 15:00:56,Default
Loading template <PyUi.podTemplate object at 0x102a84cf8>,2017-12-09 15:00:55,Default
Command executing success MainButton,2017-12-09 15:00:52,Default
Loading template <PyUi.podTemplate object at 0x102a84dd8>,2017-12-09 15:00:49,Default
Loading template <PyUi.podTemplate object at 0x102a84dd8>,2017-12-09 15:00:53,Default
Command executing success MainButton,2017-12-09 15:01:25,Default
Loading template <PyUi.podTemplate object at 0x102a84dd8>,2017-12-09 15:00:57,Default
Command executing success Screen Class,2017-12-09 15:00:47,Default
Command executing success Finding master pods,2017-12-09 15:00:37,Default
Command executing success MainButton,2017-12-09 15:00:54,Default
Command executing success Screen Class,2017-12-09 15:00:42,Default
Command executing success Screen Class,2017-12-09 15:07:52,Default
Command executing success Finding master pods,2017-12-09 15:07:50,Default
Command executing success MainButton,2017-12-09 15:08:07,Default
Command executing success MainButton,2017-12-09 15:07:51,Default
Command executing success Screen Class,2017-12-09 15:07:57,Default
Command executing success MainButton,2017-12-09 15:08:10,Default
Command executing success MainButton,2017-12-09 15:08:09,Default
Loading template <PyUi.podTemplate object at 0x102e4f240>,2017-12-09 15:07:58,Default
Loading template <PyUi.podTemplate object at 0x102e4f128>,2017-12-09 15:07:56,Default
Command executing success Screen Class,2017-12-09 15:07:54,Default
Command executing success MainButton,2017-12-09 15:08:03,Default
Command executing success MainButton,2017-12-09 15:08:11,Default
Command executing success MainButton,2017-12-09 15:14:26,Default
Loading template <PyUi.podTemplate object at 0x1026076a0>,2017-12-09 15:14:24,Default
Loading template <PyUi.podTemplate object at 0x1026076a0>,2017-12-09 15:14:30,Default
Loading template <PyUi.podTemplate object at 0x102636128>,2017-12-09 15:14:27,Default
Loading template <PyUi.podTemplate object at 0x102636128>,2017-12-09 15:14:32,Default
Command executing success Screen Class,2017-12-09 15:14:19,Default
Command executing success MainButton,2017-12-09 15:14:29,Default
Command executing success MainButton,2017-12-09 15:14:34,Default
Loading template <PyUi.podTemplate object at 0x102636128>,2017-12-09 15:14:22,Default
Command executing success MainButton,2017-12-09 15:14:31,Default
Command executing success MainButton,2017-12-09 15:14:23,Default
Command executing success Screen Class,2017-12-09 15:14:21,Default
Command executing success Finding master pods,2017-12-09 15:14:17,Default
Command executing success MainButton,2017-12-09 15:44:53,Default
Command executing success Screen Class,2017-12-09 15:44:56,Default
Loading template <PyUi.podTemplate object at 0x101dfa9b0>,2017-12-09 15:44:57,Default
Command executing success MainButton,2017-12-09 15:45:00,Default
Command executing success Screen Class,2017-12-09 15:44:54,Default
Command executing success Finding master pods,2017-12-09 15:44:51,Default
Loading template <PyUi.podTemplate object at 0x101e37128>,2017-12-09 15:45:01,Default
Command executing success Finding master pods,2017-12-09 16:00:51,Default
Command executing success MainButton,2017-12-09 16:00:59,Default
Command executing success Screen Class,2017-12-09 16:01:03,Default
Command executing success Screen Class,2017-12-09 16:01:00,Default
Command executing success Finding master pods,2017-12-09 16:00:57,Default
Loading template <PyUi.podTemplate object at 0x102284cf8>,2017-12-09 16:01:06,Default
Command executing success Finding master pods,2017-12-09 17:34:20,Default
Command executing success Finding master pods,2017-12-09 17:50:55,Default
Command executing success Screen Class,2017-12-09 17:51:01,Default
Command executing success Screen Class,2017-12-09 17:51:03,Default
Command executing success MainButton,2017-12-09 17:51:00,Default
Command executing success MainButton,2017-12-09 17:51:33,Default
Command executing success MainButton,2017-12-09 17:51:32,Default
Command executing success Finding master pods,2017-12-09 17:51:24,Default
Command executing success Screen Class,2017-12-09 17:51:25,Default
Command executing success Screen Class,2017-12-09 17:51:28,Default
Loading template <PyUi.podTemplate object at 0x101a84c50>,2017-12-09 17:51:30,Default
Loading template <PyUi.podTemplate object at 0x102a93d30>,2017-12-09 19:46:42,Default
Command executing success MainButton,2017-12-09 19:46:44,Default
Loading template <PyUi.podTemplate object at 0x102a93c50>,2017-12-09 19:46:45,Default
Command executing success Finding master pods,2017-12-09 19:46:32,Default
Command executing success Screen Class,2017-12-09 19:46:34,Default
Command executing success Screen Class,2017-12-09 19:46:40,Default
Command executing success MainButton,2017-12-09 19:46:51,Default
Command executing success MainButton,2017-12-09 19:46:46,Default
Command executing success Finding master pods,2017-12-09 21:00:59,Default
Loading template <PyUi.podTemplate object at 0x1034225f8>,2017-12-09 21:01:05,Default
Command executing success MainButton,2017-12-09 21:01:01,Default
Command executing success Screen Class,2017-12-09 21:01:04,Default
Command executing success Screen Class,2017-12-09 21:01:02,Default
Command executing success MainButton,2017-12-08 19:40:15,Default
Command executing success Screen Class,2017-12-08 18:01:52,Default
Command executing success Screen Class,2017-12-08 18:02:04,Default
Loading template <PyUi.podTemplate object at 0x10f2de2b0>,2017-12-08 18:02:05,Default
Command executing success MainButton,2017-12-08 19:38:46,Default
Command executing success MainButton,2017-12-08 18:01:51,Default
Command executing success MainButton,2017-12-08 19:40:16,Default
Command executing success MainButton,2017-12-08 19:40:18,Default
Command executing success Finding master pods,2017-12-08 18:01:49,Default
Command executing success Screen Class,2017-12-09 23:11:01,Default
Command executing success Finding master pods,2017-12-09 23:10:58,Default
Command executing success MainButton,2017-12-09 23:11:00,Default
Loading template <PyUi.podTemplate object at 0x1044a6080>,2017-12-09 23:14:50,Default
Command executing success Screen Class,2017-12-09 23:13:19,Default
Command executing success MainButton,2017-12-09 23:14:52,Default
Command executing success MainButton,2017-12-09 23:13:07,Default
Loading template <PyUi.podTemplate object at 0x1044a6160>,2017-12-09 23:14:53,Default
Command executing success Screen Class,2017-12-09 23:13:09,Default
Command executing success MainButton,2017-12-09 23:18:09,Default
Command executing success Finding master pods,2017-12-09 23:13:04,Default
Command executing success MainButton,2017-12-10 13:05:10,Default
Command executing success MainButton,2017-12-10 13:05:12,Default
Command executing success MainButton,2017-12-10 09:44:24,Default
Command executing success MainButton,2017-12-10 09:44:14,Default
Command executing success MainButton,2017-12-10 09:44:12,Default
Command executing success MainButton,2017-12-10 13:03:37,Default
Command executing success MainButton,2017-12-10 09:44:13,Default
Command executing success MainButton,2017-12-10 13:03:36,Default
Loading template <PyUi.podTemplate object at 0x101d36160>,2017-12-10 13:05:07,Default
Command executing success Finding master pods,2017-12-10 09:44:02,Default
Command executing success MainButton,2017-12-10 13:03:40,Default
Command executing success Screen Class,2017-12-10 09:44:09,Default
Command executing success MainButton,2017-12-10 09:44:08,Default
Command executing success Screen Class,2017-12-10 13:05:03,Default
Command executing success Screen Class,2017-12-10 13:55:08,Default
Command executing success MainButton,2017-12-10 14:00:09,Default
Command executing success Finding master pods,2017-12-10 13:55:06,Default
Command executing success MainButton,2017-12-10 14:00:23,Default
Loading template <PyUi.podTemplate object at 0x101a84da0>,2017-12-10 13:55:17,Default
Command executing success MainButton,2017-12-10 13:55:13,Default
Loading template <PyUi.podTemplate object at 0x101a84e80>,2017-12-10 14:00:10,Default
Command executing success MainButton,2017-12-10 14:00:15,Default
Command executing success Screen Class,2017-12-10 13:55:14,Default
Command executing success MainButton,2017-12-10 14:00:26,Default
Loading template <PyUi.podTemplate object at 0x101a84da0>,2017-12-10 14:00:06,Default
Command executing success MainButton,2017-12-10 14:00:12,Default
Loading template <PyUi.podTemplate object at 0x101a84da0>,2017-12-10 13:55:11,Default
Command executing success MainButton,2017-12-10 14:00:05,Default
Command executing success MainButton,2017-12-10 13:55:20,Default
Loading template <PyUi.podTemplate object at 0x101a84da0>,2017-12-10 14:00:13,Default
Loading template <PyUi.podTemplate object at 0x101a84e80>,2017-12-10 13:55:21,Default
Loading template <PyUi.podTemplate object at 0x101a84e80>,2017-12-10 14:00:30,Default
Command executing success MainButton,2017-12-10 13:55:23,Default
Command executing success Screen Class,2017-12-10 13:55:10,Default
Command executing success MainButton,2017-12-10 14:00:32,Default
Command executing success MainButton,2017-12-10 13:55:07,Default
Command executing success MainButton,2017-12-10 14:00:34,Default
Command executing success Screen Class,2017-12-10 13:55:16,Default
Loading template <PyUi.podTemplate object at 0x101a84e80>,2017-12-10 13:55:26,Default
Command executing success MainButton,2017-12-10 14:00:14,Default
Loading template <PyUi.podTemplate object at 0x101a84da0>,2017-12-10 13:55:24,Default
Command executing success MainButton,2017-12-10 14:00:28,Default
Command executing success MainButton,2017-12-10 13:55:25,Default
Data securely removed from widget,2017-12-10 14:34:44,Default
Command executing success MainButton,2017-12-10 14:34:46,Default
Command executing success Screen Class,2017-12-10 14:34:17,Default
Data securely removed from widget,2017-12-10 14:34:49,Default
Command executing success Finding master pods,2017-12-10 14:34:11,Default
Command executing success Screen Class,2017-12-10 14:34:19,Default
Data securely removed from widget,2017-12-10 14:34:47,Default
Command executing success MainButton,2017-12-10 14:34:16,Default
Command executing success MainButton,2017-12-10 14:34:48,Default
Command executing success Screen Class,2017-12-10 17:34:30,Default
Command executing success MainButton,2017-12-10 17:34:55,Default
Command executing success MainButton,2017-12-10 17:35:15,Default
Command executing success MainButton,2017-12-10 17:34:52,Default
Command executing success MainButton,2017-12-10 17:34:51,Default
Command executing success MainButton,2017-12-10 17:34:34,Default
Data securely removed from widget,2017-12-10 17:35:00,Default
Command executing success MainButton,2017-12-10 17:34:59,Default
Command executing success Finding master pods,2017-12-10 17:34:28,Default
Data securely removed from widget,2017-12-10 17:34:33,Default
Command executing success MainButton,2017-12-10 17:35:11,Default
Command executing success Screen Class,2017-12-10 17:34:32,Default
Command executing success MainButton,2017-12-10 17:40:08,Default
Data securely removed from widget,2017-12-10 17:40:07,Default
Command executing success MainButton,2017-12-10 17:40:06,Default
Data securely removed from widget,2017-12-10 17:40:03,Default
Data securely removed from widget,2017-12-10 17:40:05,Default
Command executing success MainButton,2017-12-10 17:40:01,Default
Command executing success Finding master pods,2017-12-10 17:39:52,Default
Data securely removed from widget,2017-12-10 17:40:02,Default
Data securely removed from widget,2017-12-10 17:39:59,Default
Data securely removed from widget,2017-12-10 17:40:09,Default
Command executing success MainButton,2017-12-10 17:39:53,Default
Command executing success Screen Class,2017-12-10 17:39:57,Default
Command executing success Screen Class,2017-12-10 17:39:54,Default
Command executing success MainButton,2017-12-10 17:40:04,Default
Command executing success MainButton,2017-12-10 17:40:10,Default
Command executing success Screen Class,2017-12-11 15:31:39,Default
Data securely removed from widget,2017-12-11 15:31:42,Default
Data securely removed from widget,2017-12-11 15:31:44,Default
Command executing success MainButton,2017-12-11 15:31:38,Default
Command executing success Finding master pods,2017-12-11 15:31:37,Default
Command executing success Screen Class,2017-12-11 15:31:41,Default
Command executing success MainButton,2017-12-11 15:31:43,Default
Command executing success Finding master pods,2017-12-11 22:47:52,Default
Command executing success MainButton,2017-12-11 22:48:00,Default
Command executing success Screen Class,2017-12-11 22:47:57,Default
Command executing success MainButton,2017-12-11 22:48:07,Default
Command executing success Screen Class,2017-12-11 22:47:55,Default
Data securely removed from widget,2017-12-11 22:47:58,Default
Command executing success MainButton,2017-12-11 22:47:54,Default
Command executing success MainButton,2017-12-11 22:48:11,Default
Command executing success Finding master pods,2017-12-12 11:41:28,Default
Command executing success MainButton,2017-12-12 11:41:34,Default
Command executing success Screen Class,2017-12-12 11:41:31,Default
Data securely removed from widget,2017-12-12 11:41:33,Default
Command executing success MainButton,2017-12-12 11:41:30,Default
Command executing success Screen Class,2017-12-12 11:41:32,Default
Command executing success MainButton,2017-12-12 11:41:35,Default
Command executing success MainButton,2017-12-12 11:41:50,Default
Command executing success Finding master pods,2017-12-12 13:59:45,Default
Loading template <PyUi.podTemplate object at 0x10c2d9e10>,2017-12-12 13:59:51,Default
Command executing success Screen Class,2017-12-12 13:59:49,Default
Command executing success MainButton,2017-12-12 13:59:52,Default
Command executing success MainButton,2017-12-12 13:59:53,Default
Command executing success MainButton,2017-12-12 13:59:48,Default
Command executing success Screen Class,2017-12-12 13:59:50,Default
Command executing success Screen Class,2017-12-12 14:14:24,Default
Command executing success Finding master pods,2017-12-12 14:14:22,Default
Command executing success Screen Class,2017-12-13 12:59:59,Default
Command executing success MainButton,2017-12-13 14:59:13,Default
Command executing success MainButton,2017-12-13 12:53:20,Default
Command executing success MainButton,2017-12-13 09:26:51,Default
Command executing success MainButton,2017-12-13 12:53:27,Default
Command executing success Screen Class,2017-12-13 12:58:30,Default
Command executing success MainButton,2017-12-13 12:55:15,Default
Command executing success MainButton,2017-12-13 09:27:05,Default
Command executing success MainButton,2017-12-13 12:57:52,Default
Command executing success Screen Class,2017-12-13 09:26:28,Default
Command executing success MainButton,2017-12-13 09:30:35,Default
Command executing success MainButton,2017-12-13 14:59:21,Default
Command executing success MainButton,2017-12-13 15:02:38,Default
Command executing success MainButton,2017-12-13 12:57:46,Default
Command executing success MainButton,2017-12-13 12:54:36,Default
Command executing success Screen Class,2017-12-13 13:00:16,Default
Command executing success MainButton,2017-12-13 15:06:51,Default
Command executing success MainButton,2017-12-13 09:26:40,Default
Data securely removed from widget,2017-12-13 12:58:31,Default
Command executing success Screen Class,2017-12-13 13:00:31,Default
Command executing success MainButton,2017-12-13 11:02:43,Default
Command executing success MainButton,2017-12-13 11:02:29,Default
Command executing success MainButton,2017-12-13 12:53:17,Default
Command executing success MainButton,2017-12-13 12:58:17,Default
Command executing success Screen Class,2017-12-13 12:55:28,Default
Command executing success MainButton,2017-12-13 12:57:47,Default
Command executing success MainButton,2017-12-13 11:02:30,Default
Command executing success MainButton,2017-12-13 09:26:37,Default
Command executing success MainButton,2017-12-13 15:06:50,Default
Command executing success MainButton,2017-12-13 13:00:15,Default
Command executing success MainButton,2017-12-13 15:05:16,Default
Data securely removed from widget,2017-12-13 12:55:33,Default
Command executing success MainButton,2017-12-13 12:54:54,Default
Command executing success MainButton,2017-12-13 11:02:10,Default
Command executing success MainButton,2017-12-13 13:00:30,Default
Command executing success MainButton,2017-12-13 12:53:24,Default
Command executing success MainButton,2017-12-13 09:27:16,Default
Data securely removed from widget,2017-12-13 11:02:15,Default
Command executing success MainButton,2017-12-13 09:26:46,Default
Command executing success MainButton,2017-12-13 12:57:53,Default
Command executing success MainButton,2017-12-13 09:26:39,Default
Command executing success MainButton,2017-12-13 15:07:58,Default
Command executing success MainButton,2017-12-13 13:00:35,Default
Command executing success MainButton,2017-12-13 11:02:22,Default
Data securely removed from widget,2017-12-13 14:59:19,Default
Command executing success MainButton,2017-12-13 12:57:38,Default
Command executing success MainButton,2017-12-13 13:00:23,Default
Command executing success MainButton,2017-12-13 15:07:57,Default
Command executing success MainButton,2017-12-13 12:57:49,Default
Command executing success MainButton,2017-12-13 09:30:00,Default
Command executing success MainButton,2017-12-13 11:02:25,Default
Command executing success Screen Class,2017-12-13 14:59:18,Default
Data securely removed from widget,2017-12-13 09:26:34,Default
Command executing success MainButton,2017-12-13 15:03:06,Default
Command executing success MainButton,2017-12-13 12:59:58,Default
Command executing success MainButton,2017-12-13 14:59:22,Default
Command executing success MainButton,2017-12-13 12:58:19,Default
Command executing success Screen Class,2017-12-13 13:00:24,Default
Command executing success MainButton,2017-12-13 09:26:27,Default
Command executing success Screen Class,2017-12-13 11:02:14,Default
Command executing success MainButton,2017-12-13 11:03:03,Default
Command executing success Screen Class,2017-12-13 12:58:26,Default
Command executing success MainButton,2017-12-13 12:53:19,Default
Command executing success MainButton,2017-12-13 14:59:47,Default
Command executing success MainButton,2017-12-13 12:53:18,Default
Command executing success MainButton,2017-12-13 15:05:14,Default
Command executing success MainButton,2017-12-13 11:02:08,Default
Command executing success Screen Class,2017-12-13 09:26:30,Default
Command executing success MainButton,2017-12-13 11:02:26,Default
Command executing success MainButton,2017-12-13 14:59:23,Default
Command executing success MainButton,2017-12-13 12:53:16,Default
Command executing success MainButton,2017-12-13 12:59:57,Default
Command executing success MainButton,2017-12-13 12:53:46,Default
Command executing success Screen Class,2017-12-13 11:02:12,Default
Command executing success MainButton,2017-12-13 12:53:25,Default
Command executing success MainButton,2017-12-13 09:26:50,Default
Command executing success Screen Class,2017-12-13 12:55:26,Default
Command executing success MainButton,2017-12-13 11:02:21,Default
Command executing success MainButton,2017-12-13 12:53:23,Default
Command executing success Finding master pods,2017-12-13 09:25:27,Default
Command executing success MainButton,2017-12-13 12:58:06,Default
Command executing success MainButton,2017-12-13 15:05:15,Default
Command executing success MainButton,2017-12-13 11:02:11,Default
Command executing success MainButton,2017-12-13 09:26:52,Default
Command executing success MainButton,2017-12-13 16:47:39,Default
Command executing success MainButton,2017-12-14 22:54:01,Default
Command executing success MainButton,2017-12-13 16:40:37,Default
Data securely removed from widget,2017-12-13 16:40:19,Default
Command executing success MainButton,2017-12-13 16:47:41,Default
Command executing success Screen Class,2017-12-13 16:40:18,Default
Command executing success MainButton,2017-12-14 22:54:00,Default
Command executing success MainButton,2017-12-13 16:47:43,Default
Command executing success Finding master pods,2017-12-13 16:40:12,Default
Command executing success MainButton,2017-12-13 16:40:30,Default
Command executing success MainButton,2017-12-13 16:40:32,Default
Command executing success MainButton,2017-12-13 16:40:14,Default
Command executing success MainButton,2017-12-13 16:47:48,Default
Command executing success Screen Class,2017-12-13 16:40:16,Default
Command executing success MainButton,2017-12-13 16:40:27,Default
Command executing success MainButton,2017-12-13 16:47:44,Default
Command executing success MainButton,2017-12-13 16:47:50,Default
Command executing success MainButton,2017-12-13 16:47:49,Default
Command executing success MainButton,2017-12-13 16:40:39,Default
Command executing success MainButton,2017-12-13 16:40:25,Default
Command executing success MainButton,2017-12-15 14:24:51,Default
Command executing success Screen Class,2017-12-15 14:24:52,Default
Data securely removed from widget,2017-12-15 14:24:57,Default
Command executing success Screen Class,2017-12-15 14:24:56,Default
Command executing success Finding master pods,2017-12-15 14:24:50,Default
